Arguments: 
  /home/nanai/.nvm/versions/node/v14.15.1/bin/node /home/nanai/.nvm/versions/node/v14.15.1/bin/yarn

PATH: 
  /home/nanai/.nvm/versions/node/v14.15.1/bin:/home/nanai/.zinit/polaris/sbin:/home/nanai/.zinit/polaris/bin:/opt/google-cloud-sdk/bin:/usr/local/sbin:/usr/local/bin:/usr/bin:/usr/lib/jvm/default/bin:/usr/bin/site_perl:/usr/bin/vendor_perl:/usr/bin/core_perl

Yarn version: 
  1.22.10

Node version: 
  14.15.1

Platform: 
  linux x64

Trace: 
  Error: ENOENT: no such file or directory, copyfile '/home/nanai/.cache/yarn/v6/npm-get-stdin-6.0.0-9e09bf712b360ab9225e812048f71fde9c89657b-integrity/node_modules/get-stdin/license' -> '/home/nanai/Workspace/Lasagna/node_modules/eslint-config-prettier/node_modules/get-stdin/license'

npm manifest: 
  {
    "name": "lasagna",
    "version": "0.1.0",
    "description": "",
    "license": "MIT",
    "scripts": {
      "start": "node --enable-source-maps dist/index.js",
      "build": "tsc -p src",
      "dev": "ts-node-dev --respawn src/index.ts",
      "lint": "eslint --ignore-path .gitignore '**/*.{ts,tsx}'",
      "lint:fix": "eslint --fix --ignore-path .gitignore '**/*.{ts,tsx}'"
    },
    "lint-staged": {
      "**/*.{ts,tsx}": "eslint --fix"
    },
    "husky": {
      "hooks": {
        "pre-commit": "lint-staged"
      }
    },
    "dependencies": {
      "fastify": "^3.9.1",
      "next": "^10.0.4",
      "pino-pretty": "^4.3.0",
      "react": "^17.0.1",
      "react-dom": "^17.0.1",
      "socket.io": "^3.0.3",
      "socket.io-client": "^3.0.5",
      "tslib": "^2.0.3"
    },
    "devDependencies": {
      "@types/node": "^14.14.9",
      "@types/react": "^17.0.0",
      "@types/react-dom": "^17.0.0",
      "@types/socket.io": "^2.1.12",
      "@types/socket.io-client": "^1.4.34",
      "@typescript-eslint/eslint-plugin": "^4.8.1",
      "@typescript-eslint/parser": "^4.8.1",
      "eslint": "^7.14.0",
      "eslint-config-prettier": "^6.15.0",
      "eslint-plugin-prettier": "^3.1.4",
      "eslint-plugin-react": "^7.22.0",
      "husky": "^4.3.0",
      "lint-staged": "^10.5.2",
      "prettier": "^2.2.0",
      "ts-node-dev": "^1.0.0",
      "typescript": "^4.1.2"
    },
    "private": true
  }

yarn manifest: 
  No manifest

Lockfile: 
  No lockfile
